<?xml version="1.0" encoding="UTF-8"?>
<robot generator="Robot 6.1.1 (Python 3.10.11 on win32)" generated="20241118 22:37:47.823" rpa="false" schemaversion="4">
<suite id="s1" name="Register" source="C:\Users\Emil\ohtu-palautukset\viikko3\web-login\src\tests\register.robot">
<kw name="Open And Configure Browser" library="resource" type="SETUP">
<if>
<branch type="IF" condition="$BROWSER == 'chrome'">
<kw name="Evaluate" library="BuiltIn">
<var>${options}</var>
<arg>sys.modules['selenium.webdriver'].ChromeOptions()</arg>
<arg>sys</arg>
<doc>Evaluates the given expression in Python and returns the result.</doc>
<msg timestamp="20241118 22:37:48.099" level="INFO">${options} = &lt;selenium.webdriver.chrome.options.Options object at 0x0000018DD96DAE60&gt;</msg>
<status status="PASS" starttime="20241118 22:37:48.098" endtime="20241118 22:37:48.099"/>
</kw>
<status status="PASS" starttime="20241118 22:37:48.091" endtime="20241118 22:37:48.099"/>
</branch>
<branch type="ELSE IF" condition="$BROWSER == 'firefox'">
<kw name="Evaluate" library="BuiltIn">
<var>${options}</var>
<arg>sys.modules['selenium.webdriver'].FirefoxOptions()</arg>
<arg>sys</arg>
<doc>Evaluates the given expression in Python and returns the result.</doc>
<status status="NOT RUN" starttime="20241118 22:37:48.099" endtime="20241118 22:37:48.099"/>
</kw>
<status status="NOT RUN" starttime="20241118 22:37:48.099" endtime="20241118 22:37:48.099"/>
</branch>
<status status="PASS" starttime="20241118 22:37:48.091" endtime="20241118 22:37:48.099"/>
</if>
<if>
<branch type="IF" condition="$HEADLESS == 'true'">
<kw name="Set Selenium Speed" library="SeleniumLibrary">
<arg>0</arg>
<doc>Sets the delay that is waited after each Selenium command.</doc>
<status status="NOT RUN" starttime="20241118 22:37:48.099" endtime="20241118 22:37:48.099"/>
</kw>
<kw name="Call Method" library="BuiltIn">
<arg>${options}</arg>
<arg>add_argument</arg>
<arg>--headless</arg>
<doc>Calls the named method of the given object with the provided arguments.</doc>
<status status="NOT RUN" starttime="20241118 22:37:48.099" endtime="20241118 22:37:48.099"/>
</kw>
<status status="NOT RUN" starttime="20241118 22:37:48.099" endtime="20241118 22:37:48.099"/>
</branch>
<branch type="ELSE">
<kw name="Set Selenium Speed" library="SeleniumLibrary">
<arg>${DELAY}</arg>
<doc>Sets the delay that is waited after each Selenium command.</doc>
<status status="PASS" starttime="20241118 22:37:48.099" endtime="20241118 22:37:48.099"/>
</kw>
<status status="PASS" starttime="20241118 22:37:48.099" endtime="20241118 22:37:48.099"/>
</branch>
<status status="PASS" starttime="20241118 22:37:48.099" endtime="20241118 22:37:48.099"/>
</if>
<kw name="Open Browser" library="SeleniumLibrary">
<arg>browser=${BROWSER}</arg>
<arg>options=${options}</arg>
<doc>Opens a new browser instance to the optional ``url``.</doc>
<msg timestamp="20241118 22:37:48.100" level="INFO">Opening browser 'chrome' to base url 'None'.</msg>
<status status="PASS" starttime="20241118 22:37:48.099" endtime="20241118 22:37:49.320"/>
</kw>
<status status="PASS" starttime="20241118 22:37:48.090" endtime="20241118 22:37:49.321"/>
</kw>
<test id="s1-t1" name="Login After Successful Registration" line="10">
<kw name="Reset Application Create User And Go To Register Page" library="resource" type="SETUP">
<kw name="Reset Application" library="AppLibrary">
<status status="PASS" starttime="20241118 22:37:49.321" endtime="20241118 22:37:51.341"/>
</kw>
<kw name="Create User" library="AppLibrary">
<arg>validuser</arg>
<arg>validpassword123</arg>
<status status="PASS" starttime="20241118 22:37:51.342" endtime="20241118 22:37:55.388"/>
</kw>
<kw name="Go To Register Page" library="resource">
<kw name="Go To" library="SeleniumLibrary">
<arg>${REGISTER_URL}</arg>
<doc>Navigates the current browser window to the provided ``url``.</doc>
<msg timestamp="20241118 22:37:55.389" level="INFO">Opening url 'http://localhost:5001/register'</msg>
<status status="PASS" starttime="20241118 22:37:55.389" endtime="20241118 22:37:56.225"/>
</kw>
<status status="PASS" starttime="20241118 22:37:55.388" endtime="20241118 22:37:56.225"/>
</kw>
<status status="PASS" starttime="20241118 22:37:49.321" endtime="20241118 22:37:56.225"/>
</kw>
<kw name="Input Text" library="SeleniumLibrary">
<arg>username</arg>
<arg>newuser</arg>
<doc>Types the given ``text`` into the text field identified by ``locator``.</doc>
<msg timestamp="20241118 22:37:56.226" level="INFO">Typing text 'newuser' into text field 'username'.</msg>
<status status="PASS" starttime="20241118 22:37:56.225" endtime="20241118 22:37:57.823"/>
</kw>
<kw name="Input Password" library="SeleniumLibrary">
<arg>password</arg>
<arg>Valid1234</arg>
<doc>Types the given password into the text field identified by ``locator``.</doc>
<msg timestamp="20241118 22:37:57.823" level="INFO">Typing password into text field 'password'.</msg>
<msg timestamp="20241118 22:37:58.870" level="INFO">Temporally setting log level to: NONE</msg>
<msg timestamp="20241118 22:37:59.410" level="INFO">Log level changed from NONE to INFO.</msg>
<status status="PASS" starttime="20241118 22:37:57.823" endtime="20241118 22:37:59.410"/>
</kw>
<kw name="Input Password" library="SeleniumLibrary">
<arg>password_confirmation</arg>
<arg>Valid1234</arg>
<doc>Types the given password into the text field identified by ``locator``.</doc>
<msg timestamp="20241118 22:37:59.411" level="INFO">Typing password into text field 'password_confirmation'.</msg>
<msg timestamp="20241118 22:38:00.455" level="INFO">Temporally setting log level to: NONE</msg>
<msg timestamp="20241118 22:38:00.994" level="INFO">Log level changed from NONE to INFO.</msg>
<status status="PASS" starttime="20241118 22:37:59.410" endtime="20241118 22:38:00.994"/>
</kw>
<kw name="Click Button" library="SeleniumLibrary">
<arg>Register</arg>
<doc>Clicks the button identified by ``locator``.</doc>
<msg timestamp="20241118 22:38:00.995" level="INFO">Clicking button 'Register'.</msg>
<status status="PASS" starttime="20241118 22:38:00.994" endtime="20241118 22:38:03.373"/>
</kw>
<kw name="Welcome Page Should Be Open">
<kw name="Title Should Be" library="SeleniumLibrary">
<arg>Welcome to Ohtu Application!</arg>
<doc>Verifies that the current page title equals ``title``.</doc>
<msg timestamp="20241118 22:38:03.879" level="INFO">Page title is 'Welcome to Ohtu Application!'.</msg>
<status status="PASS" starttime="20241118 22:38:03.373" endtime="20241118 22:38:03.879"/>
</kw>
<status status="PASS" starttime="20241118 22:38:03.373" endtime="20241118 22:38:03.879"/>
</kw>
<kw name="Click Link" library="SeleniumLibrary">
<arg>xpath=//a[@href='ohtu']</arg>
<doc>Clicks a link identified by ``locator``.</doc>
<msg timestamp="20241118 22:38:03.879" level="INFO">Clicking link 'xpath=//a[@href='ohtu']'.</msg>
<status status="PASS" starttime="20241118 22:38:03.879" endtime="20241118 22:38:05.464"/>
</kw>
<kw name="Click Button" library="SeleniumLibrary">
<arg>Logout</arg>
<doc>Clicks the button identified by ``locator``.</doc>
<msg timestamp="20241118 22:38:05.464" level="INFO">Clicking button 'Logout'.</msg>
<status status="PASS" starttime="20241118 22:38:05.464" endtime="20241118 22:38:07.841"/>
</kw>
<kw name="Login Page Should Be Open">
<kw name="Title Should Be" library="SeleniumLibrary">
<arg>Login</arg>
<doc>Verifies that the current page title equals ``title``.</doc>
<msg timestamp="20241118 22:38:08.356" level="INFO">Page title is 'Login'.</msg>
<status status="PASS" starttime="20241118 22:38:07.841" endtime="20241118 22:38:08.356"/>
</kw>
<status status="PASS" starttime="20241118 22:38:07.841" endtime="20241118 22:38:08.356"/>
</kw>
<kw name="Input Text" library="SeleniumLibrary">
<arg>username</arg>
<arg>newuser</arg>
<doc>Types the given ``text`` into the text field identified by ``locator``.</doc>
<msg timestamp="20241118 22:38:08.357" level="INFO">Typing text 'newuser' into text field 'username'.</msg>
<status status="PASS" starttime="20241118 22:38:08.356" endtime="20241118 22:38:09.929"/>
</kw>
<kw name="Input Password" library="SeleniumLibrary">
<arg>password</arg>
<arg>Valid1234</arg>
<doc>Types the given password into the text field identified by ``locator``.</doc>
<msg timestamp="20241118 22:38:09.929" level="INFO">Typing password into text field 'password'.</msg>
<msg timestamp="20241118 22:38:10.958" level="INFO">Temporally setting log level to: NONE</msg>
<msg timestamp="20241118 22:38:11.496" level="INFO">Log level changed from NONE to INFO.</msg>
<status status="PASS" starttime="20241118 22:38:09.929" endtime="20241118 22:38:11.496"/>
</kw>
<kw name="Click Button" library="SeleniumLibrary">
<arg>Login</arg>
<doc>Clicks the button identified by ``locator``.</doc>
<msg timestamp="20241118 22:38:11.497" level="INFO">Clicking button 'Login'.</msg>
<status status="PASS" starttime="20241118 22:38:11.496" endtime="20241118 22:38:13.560"/>
</kw>
<status status="PASS" starttime="20241118 22:37:49.321" endtime="20241118 22:38:13.560"/>
</test>
<test id="s1-t2" name="Register With Valid Username And Password" line="23">
<kw name="Reset Application Create User And Go To Register Page" library="resource" type="SETUP">
<kw name="Reset Application" library="AppLibrary">
<status status="PASS" starttime="20241118 22:38:13.561" endtime="20241118 22:38:15.591"/>
</kw>
<kw name="Create User" library="AppLibrary">
<arg>validuser</arg>
<arg>validpassword123</arg>
<status status="PASS" starttime="20241118 22:38:15.592" endtime="20241118 22:38:19.652"/>
</kw>
<kw name="Go To Register Page" library="resource">
<kw name="Go To" library="SeleniumLibrary">
<arg>${REGISTER_URL}</arg>
<doc>Navigates the current browser window to the provided ``url``.</doc>
<msg timestamp="20241118 22:38:19.652" level="INFO">Opening url 'http://localhost:5001/register'</msg>
<status status="PASS" starttime="20241118 22:38:19.652" endtime="20241118 22:38:20.174"/>
</kw>
<status status="PASS" starttime="20241118 22:38:19.652" endtime="20241118 22:38:20.174"/>
</kw>
<status status="PASS" starttime="20241118 22:38:13.561" endtime="20241118 22:38:20.174"/>
</kw>
<kw name="Input Text" library="SeleniumLibrary">
<arg>username</arg>
<arg>validuser</arg>
<doc>Types the given ``text`` into the text field identified by ``locator``.</doc>
<msg timestamp="20241118 22:38:20.174" level="INFO">Typing text 'validuser' into text field 'username'.</msg>
<status status="PASS" starttime="20241118 22:38:20.174" endtime="20241118 22:38:21.744"/>
</kw>
<kw name="Input Password" library="SeleniumLibrary">
<arg>password</arg>
<arg>Valid1234</arg>
<doc>Types the given password into the text field identified by ``locator``.</doc>
<msg timestamp="20241118 22:38:21.744" level="INFO">Typing password into text field 'password'.</msg>
<msg timestamp="20241118 22:38:22.775" level="INFO">Temporally setting log level to: NONE</msg>
<msg timestamp="20241118 22:38:23.328" level="INFO">Log level changed from NONE to INFO.</msg>
<status status="PASS" starttime="20241118 22:38:21.744" endtime="20241118 22:38:23.328"/>
</kw>
<kw name="Input Password" library="SeleniumLibrary">
<arg>password_confirmation</arg>
<arg>Valid1234</arg>
<doc>Types the given password into the text field identified by ``locator``.</doc>
<msg timestamp="20241118 22:38:23.329" level="INFO">Typing password into text field 'password_confirmation'.</msg>
<msg timestamp="20241118 22:38:24.361" level="INFO">Temporally setting log level to: NONE</msg>
<msg timestamp="20241118 22:38:24.914" level="INFO">Log level changed from NONE to INFO.</msg>
<status status="PASS" starttime="20241118 22:38:23.328" endtime="20241118 22:38:24.914"/>
</kw>
<kw name="Click Button" library="SeleniumLibrary">
<arg>Register</arg>
<doc>Clicks the button identified by ``locator``.</doc>
<msg timestamp="20241118 22:38:24.915" level="INFO">Clicking button 'Register'.</msg>
<status status="PASS" starttime="20241118 22:38:24.914" endtime="20241118 22:38:27.277"/>
</kw>
<kw name="Welcome Page Should Be Open">
<kw name="Title Should Be" library="SeleniumLibrary">
<arg>Welcome to Ohtu Application!</arg>
<doc>Verifies that the current page title equals ``title``.</doc>
<msg timestamp="20241118 22:38:28.339" level="INFO" html="true">&lt;/td&gt;&lt;/tr&gt;&lt;tr&gt;&lt;td colspan="3"&gt;&lt;a href="selenium-screenshot-27.png"&gt;&lt;img src="selenium-screenshot-27.png" width="800px"&gt;&lt;/a&gt;</msg>
<msg timestamp="20241118 22:38:28.340" level="FAIL">Title should have been 'Welcome to Ohtu Application!' but was 'Register'.</msg>
<status status="FAIL" starttime="20241118 22:38:27.278" endtime="20241118 22:38:28.341"/>
</kw>
<status status="FAIL" starttime="20241118 22:38:27.277" endtime="20241118 22:38:28.341"/>
</kw>
<status status="FAIL" starttime="20241118 22:38:13.560" endtime="20241118 22:38:28.341">Title should have been 'Welcome to Ohtu Application!' but was 'Register'.</status>
</test>
<test id="s1-t3" name="Register With Too Short Username And Valid Password" line="30">
<kw name="Reset Application Create User And Go To Register Page" library="resource" type="SETUP">
<kw name="Reset Application" library="AppLibrary">
<status status="PASS" starttime="20241118 22:38:28.342" endtime="20241118 22:38:30.370"/>
</kw>
<kw name="Create User" library="AppLibrary">
<arg>validuser</arg>
<arg>validpassword123</arg>
<status status="PASS" starttime="20241118 22:38:30.370" endtime="20241118 22:38:34.432"/>
</kw>
<kw name="Go To Register Page" library="resource">
<kw name="Go To" library="SeleniumLibrary">
<arg>${REGISTER_URL}</arg>
<doc>Navigates the current browser window to the provided ``url``.</doc>
<msg timestamp="20241118 22:38:34.432" level="INFO">Opening url 'http://localhost:5001/register'</msg>
<status status="PASS" starttime="20241118 22:38:34.432" endtime="20241118 22:38:34.953"/>
</kw>
<status status="PASS" starttime="20241118 22:38:34.432" endtime="20241118 22:38:34.953"/>
</kw>
<status status="PASS" starttime="20241118 22:38:28.342" endtime="20241118 22:38:34.953"/>
</kw>
<kw name="Input Text" library="SeleniumLibrary">
<arg>username</arg>
<arg>ab</arg>
<doc>Types the given ``text`` into the text field identified by ``locator``.</doc>
<msg timestamp="20241118 22:38:34.953" level="INFO">Typing text 'ab' into text field 'username'.</msg>
<status status="PASS" starttime="20241118 22:38:34.953" endtime="20241118 22:38:36.520"/>
</kw>
<kw name="Input Password" library="SeleniumLibrary">
<arg>password</arg>
<arg>Valid1234</arg>
<doc>Types the given password into the text field identified by ``locator``.</doc>
<msg timestamp="20241118 22:38:36.520" level="INFO">Typing password into text field 'password'.</msg>
<msg timestamp="20241118 22:38:37.552" level="INFO">Temporally setting log level to: NONE</msg>
<msg timestamp="20241118 22:38:38.105" level="INFO">Log level changed from NONE to INFO.</msg>
<status status="PASS" starttime="20241118 22:38:36.520" endtime="20241118 22:38:38.105"/>
</kw>
<kw name="Input Password" library="SeleniumLibrary">
<arg>password_confirmation</arg>
<arg>Valid1234</arg>
<doc>Types the given password into the text field identified by ``locator``.</doc>
<msg timestamp="20241118 22:38:38.106" level="INFO">Typing password into text field 'password_confirmation'.</msg>
<msg timestamp="20241118 22:38:39.136" level="INFO">Temporally setting log level to: NONE</msg>
<msg timestamp="20241118 22:38:39.674" level="INFO">Log level changed from NONE to INFO.</msg>
<status status="PASS" starttime="20241118 22:38:38.105" endtime="20241118 22:38:39.674"/>
</kw>
<kw name="Click Button" library="SeleniumLibrary">
<arg>Register</arg>
<doc>Clicks the button identified by ``locator``.</doc>
<msg timestamp="20241118 22:38:39.674" level="INFO">Clicking button 'Register'.</msg>
<status status="PASS" starttime="20241118 22:38:39.674" endtime="20241118 22:38:42.035"/>
</kw>
<kw name="Page Should Contain" library="SeleniumLibrary">
<arg>Username must be at least 3 characters long</arg>
<doc>Verifies that current page contains ``text``.</doc>
<msg timestamp="20241118 22:38:43.051" level="INFO">Current page contains text 'Username must be at least 3 characters long'.</msg>
<status status="PASS" starttime="20241118 22:38:42.035" endtime="20241118 22:38:43.051"/>
</kw>
<status status="PASS" starttime="20241118 22:38:28.341" endtime="20241118 22:38:43.051"/>
</test>
<test id="s1-t4" name="Register With Valid Username And Too Short Password" line="37">
<kw name="Reset Application Create User And Go To Register Page" library="resource" type="SETUP">
<kw name="Reset Application" library="AppLibrary">
<status status="PASS" starttime="20241118 22:38:43.052" endtime="20241118 22:38:45.084"/>
</kw>
<kw name="Create User" library="AppLibrary">
<arg>validuser</arg>
<arg>validpassword123</arg>
<status status="PASS" starttime="20241118 22:38:45.085" endtime="20241118 22:38:49.146"/>
</kw>
<kw name="Go To Register Page" library="resource">
<kw name="Go To" library="SeleniumLibrary">
<arg>${REGISTER_URL}</arg>
<doc>Navigates the current browser window to the provided ``url``.</doc>
<msg timestamp="20241118 22:38:49.146" level="INFO">Opening url 'http://localhost:5001/register'</msg>
<status status="PASS" starttime="20241118 22:38:49.146" endtime="20241118 22:38:49.665"/>
</kw>
<status status="PASS" starttime="20241118 22:38:49.146" endtime="20241118 22:38:49.665"/>
</kw>
<status status="PASS" starttime="20241118 22:38:43.052" endtime="20241118 22:38:49.665"/>
</kw>
<kw name="Input Text" library="SeleniumLibrary">
<arg>username</arg>
<arg>validuser</arg>
<doc>Types the given ``text`` into the text field identified by ``locator``.</doc>
<msg timestamp="20241118 22:38:49.665" level="INFO">Typing text 'validuser' into text field 'username'.</msg>
<status status="PASS" starttime="20241118 22:38:49.665" endtime="20241118 22:38:51.238"/>
</kw>
<kw name="Input Password" library="SeleniumLibrary">
<arg>password</arg>
<arg>short</arg>
<doc>Types the given password into the text field identified by ``locator``.</doc>
<msg timestamp="20241118 22:38:51.238" level="INFO">Typing password into text field 'password'.</msg>
<msg timestamp="20241118 22:38:52.268" level="INFO">Temporally setting log level to: NONE</msg>
<msg timestamp="20241118 22:38:52.808" level="INFO">Log level changed from NONE to INFO.</msg>
<status status="PASS" starttime="20241118 22:38:51.238" endtime="20241118 22:38:52.808"/>
</kw>
<kw name="Input Password" library="SeleniumLibrary">
<arg>password_confirmation</arg>
<arg>short</arg>
<doc>Types the given password into the text field identified by ``locator``.</doc>
<msg timestamp="20241118 22:38:52.808" level="INFO">Typing password into text field 'password_confirmation'.</msg>
<msg timestamp="20241118 22:38:53.840" level="INFO">Temporally setting log level to: NONE</msg>
<msg timestamp="20241118 22:38:54.379" level="INFO">Log level changed from NONE to INFO.</msg>
<status status="PASS" starttime="20241118 22:38:52.808" endtime="20241118 22:38:54.379"/>
</kw>
<kw name="Click Button" library="SeleniumLibrary">
<arg>Register</arg>
<doc>Clicks the button identified by ``locator``.</doc>
<msg timestamp="20241118 22:38:54.380" level="INFO">Clicking button 'Register'.</msg>
<status status="PASS" starttime="20241118 22:38:54.379" endtime="20241118 22:38:56.742"/>
</kw>
<kw name="Page Should Contain" library="SeleniumLibrary">
<arg>Password must be at least 8 characters long</arg>
<doc>Verifies that current page contains ``text``.</doc>
<msg timestamp="20241118 22:38:57.758" level="INFO">Current page contains text 'Password must be at least 8 characters long'.</msg>
<status status="PASS" starttime="20241118 22:38:56.742" endtime="20241118 22:38:57.758"/>
</kw>
<status status="PASS" starttime="20241118 22:38:43.052" endtime="20241118 22:38:57.758"/>
</test>
<test id="s1-t5" name="Register With Valid Username And Invalid Password" line="44">
<kw name="Reset Application Create User And Go To Register Page" library="resource" type="SETUP">
<kw name="Reset Application" library="AppLibrary">
<status status="PASS" starttime="20241118 22:38:57.759" endtime="20241118 22:38:59.786"/>
</kw>
<kw name="Create User" library="AppLibrary">
<arg>validuser</arg>
<arg>validpassword123</arg>
<status status="PASS" starttime="20241118 22:38:59.787" endtime="20241118 22:39:03.848"/>
</kw>
<kw name="Go To Register Page" library="resource">
<kw name="Go To" library="SeleniumLibrary">
<arg>${REGISTER_URL}</arg>
<doc>Navigates the current browser window to the provided ``url``.</doc>
<msg timestamp="20241118 22:39:03.849" level="INFO">Opening url 'http://localhost:5001/register'</msg>
<status status="PASS" starttime="20241118 22:39:03.848" endtime="20241118 22:39:04.686"/>
</kw>
<status status="PASS" starttime="20241118 22:39:03.848" endtime="20241118 22:39:04.686"/>
</kw>
<status status="PASS" starttime="20241118 22:38:57.759" endtime="20241118 22:39:04.686"/>
</kw>
<kw name="Input Text" library="SeleniumLibrary">
<arg>username</arg>
<arg>validuser</arg>
<doc>Types the given ``text`` into the text field identified by ``locator``.</doc>
<msg timestamp="20241118 22:39:04.686" level="INFO">Typing text 'validuser' into text field 'username'.</msg>
<status status="PASS" starttime="20241118 22:39:04.686" endtime="20241118 22:39:06.261"/>
</kw>
<kw name="Input Password" library="SeleniumLibrary">
<arg>password</arg>
<arg>onlyletters</arg>
<doc>Types the given password into the text field identified by ``locator``.</doc>
<msg timestamp="20241118 22:39:06.261" level="INFO">Typing password into text field 'password'.</msg>
<msg timestamp="20241118 22:39:07.292" level="INFO">Temporally setting log level to: NONE</msg>
<msg timestamp="20241118 22:39:07.848" level="INFO">Log level changed from NONE to INFO.</msg>
<status status="PASS" starttime="20241118 22:39:06.261" endtime="20241118 22:39:07.848"/>
</kw>
<kw name="Input Password" library="SeleniumLibrary">
<arg>password_confirmation</arg>
<arg>onlyletters</arg>
<doc>Types the given password into the text field identified by ``locator``.</doc>
<msg timestamp="20241118 22:39:07.849" level="INFO">Typing password into text field 'password_confirmation'.</msg>
<msg timestamp="20241118 22:39:08.879" level="INFO">Temporally setting log level to: NONE</msg>
<msg timestamp="20241118 22:39:09.433" level="INFO">Log level changed from NONE to INFO.</msg>
<status status="PASS" starttime="20241118 22:39:07.848" endtime="20241118 22:39:09.433"/>
</kw>
<kw name="Click Button" library="SeleniumLibrary">
<arg>Register</arg>
<doc>Clicks the button identified by ``locator``.</doc>
<msg timestamp="20241118 22:39:09.434" level="INFO">Clicking button 'Register'.</msg>
<status status="PASS" starttime="20241118 22:39:09.433" endtime="20241118 22:39:11.494"/>
</kw>
<kw name="Page Should Contain" library="SeleniumLibrary">
<arg>Password must contain at least one non-letter character</arg>
<doc>Verifies that current page contains ``text``.</doc>
<msg timestamp="20241118 22:39:12.512" level="INFO">Current page contains text 'Password must contain at least one non-letter character'.</msg>
<status status="PASS" starttime="20241118 22:39:11.494" endtime="20241118 22:39:12.512"/>
</kw>
<status status="PASS" starttime="20241118 22:38:57.759" endtime="20241118 22:39:12.512"/>
</test>
<test id="s1-t6" name="Register With Nonmatching Password And Password Confirmation" line="51">
<kw name="Reset Application Create User And Go To Register Page" library="resource" type="SETUP">
<kw name="Reset Application" library="AppLibrary">
<status status="PASS" starttime="20241118 22:39:12.513" endtime="20241118 22:39:14.546"/>
</kw>
<kw name="Create User" library="AppLibrary">
<arg>validuser</arg>
<arg>validpassword123</arg>
<status status="PASS" starttime="20241118 22:39:14.547" endtime="20241118 22:39:18.619"/>
</kw>
<kw name="Go To Register Page" library="resource">
<kw name="Go To" library="SeleniumLibrary">
<arg>${REGISTER_URL}</arg>
<doc>Navigates the current browser window to the provided ``url``.</doc>
<msg timestamp="20241118 22:39:18.620" level="INFO">Opening url 'http://localhost:5001/register'</msg>
<status status="PASS" starttime="20241118 22:39:18.620" endtime="20241118 22:39:19.451"/>
</kw>
<status status="PASS" starttime="20241118 22:39:18.619" endtime="20241118 22:39:19.451"/>
</kw>
<status status="PASS" starttime="20241118 22:39:12.513" endtime="20241118 22:39:19.451"/>
</kw>
<kw name="Input Text" library="SeleniumLibrary">
<arg>username</arg>
<arg>validuser</arg>
<doc>Types the given ``text`` into the text field identified by ``locator``.</doc>
<msg timestamp="20241118 22:39:19.452" level="INFO">Typing text 'validuser' into text field 'username'.</msg>
<status status="PASS" starttime="20241118 22:39:19.451" endtime="20241118 22:39:21.015"/>
</kw>
<kw name="Input Password" library="SeleniumLibrary">
<arg>password</arg>
<arg>Valid1234</arg>
<doc>Types the given password into the text field identified by ``locator``.</doc>
<msg timestamp="20241118 22:39:21.016" level="INFO">Typing password into text field 'password'.</msg>
<msg timestamp="20241118 22:39:22.043" level="INFO">Temporally setting log level to: NONE</msg>
<msg timestamp="20241118 22:39:22.575" level="INFO">Log level changed from NONE to INFO.</msg>
<status status="PASS" starttime="20241118 22:39:21.015" endtime="20241118 22:39:22.575"/>
</kw>
<kw name="Input Password" library="SeleniumLibrary">
<arg>password_confirmation</arg>
<arg>Mismatch123</arg>
<doc>Types the given password into the text field identified by ``locator``.</doc>
<msg timestamp="20241118 22:39:22.576" level="INFO">Typing password into text field 'password_confirmation'.</msg>
<msg timestamp="20241118 22:39:23.595" level="INFO">Temporally setting log level to: NONE</msg>
<msg timestamp="20241118 22:39:24.131" level="INFO">Log level changed from NONE to INFO.</msg>
<status status="PASS" starttime="20241118 22:39:22.575" endtime="20241118 22:39:24.131"/>
</kw>
<kw name="Click Button" library="SeleniumLibrary">
<arg>Register</arg>
<doc>Clicks the button identified by ``locator``.</doc>
<msg timestamp="20241118 22:39:24.132" level="INFO">Clicking button 'Register'.</msg>
<status status="PASS" starttime="20241118 22:39:24.131" endtime="20241118 22:39:26.191"/>
</kw>
<kw name="Page Should Contain" library="SeleniumLibrary">
<arg>Passwords do not match</arg>
<doc>Verifies that current page contains ``text``.</doc>
<msg timestamp="20241118 22:39:27.206" level="INFO">Current page contains text 'Passwords do not match'.</msg>
<status status="PASS" starttime="20241118 22:39:26.191" endtime="20241118 22:39:27.206"/>
</kw>
<status status="PASS" starttime="20241118 22:39:12.513" endtime="20241118 22:39:27.206"/>
</test>
<test id="s1-t7" name="Register With Username That Is Already In Use" line="58">
<kw name="Reset Application Create User And Go To Register Page" library="resource" type="SETUP">
<kw name="Reset Application" library="AppLibrary">
<status status="PASS" starttime="20241118 22:39:27.207" endtime="20241118 22:39:29.233"/>
</kw>
<kw name="Create User" library="AppLibrary">
<arg>validuser</arg>
<arg>validpassword123</arg>
<status status="PASS" starttime="20241118 22:39:29.233" endtime="20241118 22:39:33.293"/>
</kw>
<kw name="Go To Register Page" library="resource">
<kw name="Go To" library="SeleniumLibrary">
<arg>${REGISTER_URL}</arg>
<doc>Navigates the current browser window to the provided ``url``.</doc>
<msg timestamp="20241118 22:39:33.294" level="INFO">Opening url 'http://localhost:5001/register'</msg>
<status status="PASS" starttime="20241118 22:39:33.293" endtime="20241118 22:39:34.120"/>
</kw>
<status status="PASS" starttime="20241118 22:39:33.293" endtime="20241118 22:39:34.120"/>
</kw>
<status status="PASS" starttime="20241118 22:39:27.207" endtime="20241118 22:39:34.120"/>
</kw>
<kw name="Input Text" library="SeleniumLibrary">
<arg>username</arg>
<arg>takenusername</arg>
<doc>Types the given ``text`` into the text field identified by ``locator``.</doc>
<msg timestamp="20241118 22:39:34.121" level="INFO">Typing text 'takenusername' into text field 'username'.</msg>
<status status="PASS" starttime="20241118 22:39:34.120" endtime="20241118 22:39:35.677"/>
</kw>
<kw name="Input Password" library="SeleniumLibrary">
<arg>password</arg>
<arg>Valid1234</arg>
<doc>Types the given password into the text field identified by ``locator``.</doc>
<msg timestamp="20241118 22:39:35.677" level="INFO">Typing password into text field 'password'.</msg>
<msg timestamp="20241118 22:39:36.709" level="INFO">Temporally setting log level to: NONE</msg>
<msg timestamp="20241118 22:39:37.247" level="INFO">Log level changed from NONE to INFO.</msg>
<status status="PASS" starttime="20241118 22:39:35.677" endtime="20241118 22:39:37.247"/>
</kw>
<kw name="Input Password" library="SeleniumLibrary">
<arg>password_confirmation</arg>
<arg>Valid1234</arg>
<doc>Types the given password into the text field identified by ``locator``.</doc>
<msg timestamp="20241118 22:39:37.248" level="INFO">Typing password into text field 'password_confirmation'.</msg>
<msg timestamp="20241118 22:39:38.275" level="INFO">Temporally setting log level to: NONE</msg>
<msg timestamp="20241118 22:39:38.799" level="INFO">Log level changed from NONE to INFO.</msg>
<status status="PASS" starttime="20241118 22:39:37.247" endtime="20241118 22:39:38.799"/>
</kw>
<kw name="Click Button" library="SeleniumLibrary">
<arg>Register</arg>
<doc>Clicks the button identified by ``locator``.</doc>
<msg timestamp="20241118 22:39:38.799" level="INFO">Clicking button 'Register'.</msg>
<status status="PASS" starttime="20241118 22:39:38.799" endtime="20241118 22:39:40.860"/>
</kw>
<kw name="Welcome Page Should Be Open">
<kw name="Title Should Be" library="SeleniumLibrary">
<arg>Welcome to Ohtu Application!</arg>
<doc>Verifies that the current page title equals ``title``.</doc>
<msg timestamp="20241118 22:39:41.368" level="INFO">Page title is 'Welcome to Ohtu Application!'.</msg>
<status status="PASS" starttime="20241118 22:39:40.860" endtime="20241118 22:39:41.368"/>
</kw>
<status status="PASS" starttime="20241118 22:39:40.860" endtime="20241118 22:39:41.368"/>
</kw>
<kw name="Input Text" library="SeleniumLibrary">
<arg>username</arg>
<arg>takenusername</arg>
<doc>Types the given ``text`` into the text field identified by ``locator``.</doc>
<msg timestamp="20241118 22:39:41.369" level="INFO">Typing text 'takenusername' into text field 'username'.</msg>
<msg timestamp="20241118 22:39:42.446" level="INFO" html="true">&lt;/td&gt;&lt;/tr&gt;&lt;tr&gt;&lt;td colspan="3"&gt;&lt;a href="selenium-screenshot-28.png"&gt;&lt;img src="selenium-screenshot-28.png" width="800px"&gt;&lt;/a&gt;</msg>
<msg timestamp="20241118 22:39:42.446" level="FAIL">Element with locator 'username' not found.</msg>
<status status="FAIL" starttime="20241118 22:39:41.368" endtime="20241118 22:39:42.447"/>
</kw>
<kw name="Input Password" library="SeleniumLibrary">
<arg>password</arg>
<arg>AnotherValid123</arg>
<doc>Types the given password into the text field identified by ``locator``.</doc>
<status status="NOT RUN" starttime="20241118 22:39:42.447" endtime="20241118 22:39:42.447"/>
</kw>
<kw name="Input Password" library="SeleniumLibrary">
<arg>password_confirmation</arg>
<arg>AnotherValid123</arg>
<doc>Types the given password into the text field identified by ``locator``.</doc>
<status status="NOT RUN" starttime="20241118 22:39:42.447" endtime="20241118 22:39:42.447"/>
</kw>
<kw name="Click Button" library="SeleniumLibrary">
<arg>Register</arg>
<doc>Clicks the button identified by ``locator``.</doc>
<status status="NOT RUN" starttime="20241118 22:39:42.448" endtime="20241118 22:39:42.448"/>
</kw>
<status status="FAIL" starttime="20241118 22:39:27.206" endtime="20241118 22:39:42.448">Element with locator 'username' not found.</status>
</test>
<test id="s1-t8" name="Login After Failed Registration" line="71">
<kw name="Reset Application Create User And Go To Register Page" library="resource" type="SETUP">
<kw name="Reset Application" library="AppLibrary">
<status status="PASS" starttime="20241118 22:39:42.449" endtime="20241118 22:39:44.476"/>
</kw>
<kw name="Create User" library="AppLibrary">
<arg>validuser</arg>
<arg>validpassword123</arg>
<status status="PASS" starttime="20241118 22:39:44.476" endtime="20241118 22:39:48.539"/>
</kw>
<kw name="Go To Register Page" library="resource">
<kw name="Go To" library="SeleniumLibrary">
<arg>${REGISTER_URL}</arg>
<doc>Navigates the current browser window to the provided ``url``.</doc>
<msg timestamp="20241118 22:39:48.540" level="INFO">Opening url 'http://localhost:5001/register'</msg>
<status status="PASS" starttime="20241118 22:39:48.540" endtime="20241118 22:39:49.377"/>
</kw>
<status status="PASS" starttime="20241118 22:39:48.539" endtime="20241118 22:39:49.377"/>
</kw>
<status status="PASS" starttime="20241118 22:39:42.449" endtime="20241118 22:39:49.377"/>
</kw>
<kw name="Input Text" library="SeleniumLibrary">
<arg>username</arg>
<arg>invalid</arg>
<doc>Types the given ``text`` into the text field identified by ``locator``.</doc>
<msg timestamp="20241118 22:39:49.378" level="INFO">Typing text 'invalid' into text field 'username'.</msg>
<status status="PASS" starttime="20241118 22:39:49.377" endtime="20241118 22:39:50.932"/>
</kw>
<kw name="Input Password" library="SeleniumLibrary">
<arg>password</arg>
<arg>short</arg>
<doc>Types the given password into the text field identified by ``locator``.</doc>
<msg timestamp="20241118 22:39:50.932" level="INFO">Typing password into text field 'password'.</msg>
<msg timestamp="20241118 22:39:51.960" level="INFO">Temporally setting log level to: NONE</msg>
<msg timestamp="20241118 22:39:52.496" level="INFO">Log level changed from NONE to INFO.</msg>
<status status="PASS" starttime="20241118 22:39:50.932" endtime="20241118 22:39:52.496"/>
</kw>
<kw name="Input Password" library="SeleniumLibrary">
<arg>password_confirmation</arg>
<arg>short</arg>
<doc>Types the given password into the text field identified by ``locator``.</doc>
<msg timestamp="20241118 22:39:52.496" level="INFO">Typing password into text field 'password_confirmation'.</msg>
<msg timestamp="20241118 22:39:53.529" level="INFO">Temporally setting log level to: NONE</msg>
<msg timestamp="20241118 22:39:54.066" level="INFO">Log level changed from NONE to INFO.</msg>
<status status="PASS" starttime="20241118 22:39:52.496" endtime="20241118 22:39:54.066"/>
</kw>
<kw name="Click Button" library="SeleniumLibrary">
<arg>Register</arg>
<doc>Clicks the button identified by ``locator``.</doc>
<msg timestamp="20241118 22:39:54.067" level="INFO">Clicking button 'Register'.</msg>
<status status="PASS" starttime="20241118 22:39:54.066" endtime="20241118 22:39:56.126"/>
</kw>
<kw name="Page Should Contain" library="SeleniumLibrary">
<arg>Password must be at least 8 characters long</arg>
<doc>Verifies that current page contains ``text``.</doc>
<msg timestamp="20241118 22:39:57.142" level="INFO">Current page contains text 'Password must be at least 8 characters long'.</msg>
<status status="PASS" starttime="20241118 22:39:56.126" endtime="20241118 22:39:57.142"/>
</kw>
<kw name="Go To Login Page" library="resource">
<kw name="Go To" library="SeleniumLibrary">
<arg>${LOGIN_URL}</arg>
<doc>Navigates the current browser window to the provided ``url``.</doc>
<msg timestamp="20241118 22:39:57.142" level="INFO">Opening url 'http://localhost:5001/login'</msg>
<status status="PASS" starttime="20241118 22:39:57.142" endtime="20241118 22:39:57.984"/>
</kw>
<status status="PASS" starttime="20241118 22:39:57.142" endtime="20241118 22:39:57.984"/>
</kw>
<kw name="Input Text" library="SeleniumLibrary">
<arg>username</arg>
<arg>invalid</arg>
<doc>Types the given ``text`` into the text field identified by ``locator``.</doc>
<msg timestamp="20241118 22:39:57.984" level="INFO">Typing text 'invalid' into text field 'username'.</msg>
<status status="PASS" starttime="20241118 22:39:57.984" endtime="20241118 22:39:59.536"/>
</kw>
<kw name="Input Password" library="SeleniumLibrary">
<arg>password</arg>
<arg>short</arg>
<doc>Types the given password into the text field identified by ``locator``.</doc>
<msg timestamp="20241118 22:39:59.536" level="INFO">Typing password into text field 'password'.</msg>
<msg timestamp="20241118 22:40:00.566" level="INFO">Temporally setting log level to: NONE</msg>
<msg timestamp="20241118 22:40:01.089" level="INFO">Log level changed from NONE to INFO.</msg>
<status status="PASS" starttime="20241118 22:39:59.536" endtime="20241118 22:40:01.089"/>
</kw>
<kw name="Click Button" library="SeleniumLibrary">
<arg>Login</arg>
<doc>Clicks the button identified by ``locator``.</doc>
<msg timestamp="20241118 22:40:01.090" level="INFO">Clicking button 'Login'.</msg>
<status status="PASS" starttime="20241118 22:40:01.089" endtime="20241118 22:40:03.170"/>
</kw>
<kw name="Page Should Contain" library="SeleniumLibrary">
<arg>Invalid username or password</arg>
<doc>Verifies that current page contains ``text``.</doc>
<msg timestamp="20241118 22:40:04.197" level="INFO">Current page contains text 'Invalid username or password'.</msg>
<status status="PASS" starttime="20241118 22:40:03.170" endtime="20241118 22:40:04.197"/>
</kw>
<status status="PASS" starttime="20241118 22:39:42.448" endtime="20241118 22:40:04.197"/>
</test>
<kw name="Close Browser" library="SeleniumLibrary" type="TEARDOWN">
<doc>Closes the current browser.</doc>
<status status="PASS" starttime="20241118 22:40:04.197" endtime="20241118 22:40:06.759"/>
</kw>
<status status="FAIL" starttime="20241118 22:37:47.824" endtime="20241118 22:40:06.759"/>
</suite>
<statistics>
<total>
<stat pass="6" fail="2" skip="0">All Tests</stat>
</total>
<tag>
</tag>
<suite>
<stat pass="6" fail="2" skip="0" id="s1" name="Register">Register</stat>
</suite>
</statistics>
<errors>
</errors>
</robot>
